2024-06-10 00:01:02 [Winston 로그] info: bygender router 요청
2024-06-10 00:01:02 [Winston 로그] info: bygender router 시작
2024-06-10 00:01:02 [Winston 로그] error: 아이디 또는 전시관이 입력되지 않았습니다
2024-06-10 00:01:11 [Winston 로그] info: bygender router 요청
2024-06-10 00:01:11 [Winston 로그] info: bygender router 시작
2024-06-10 00:01:11 [Winston 로그] info: User ID: user1, Exhibition ID: exhb1 성별 정보 DB 조회
2024-06-10 00:01:11 [Winston 로그] info: bygender 성공
2024-06-10 15:11:41 [Winston 로그] info: login router 요청
2024-06-10 15:11:41 [Winston 로그] info: login router 시작
2024-06-10 15:11:42 [Winston 로그] info: 로그인에 성공했습니다.
2024-06-10 15:11:42 [Winston 로그] info: thisweek router 요청
2024-06-10 15:11:42 [Winston 로그] info: thisweek router 시작
2024-06-10 15:11:42 [Winston 로그] info: donutchart router 요청
2024-06-10 15:11:42 [Winston 로그] info: donutchart router 시작
2024-06-10 15:11:42 [Winston 로그] info: User ID: user1 이번주 정보 DB 조회
2024-06-10 15:11:42 [Winston 로그] info: User ID: user1, 도넛차트 정보 DB 조회
2024-06-10 15:11:42 [Winston 로그] info: thisweek 성공
2024-06-10 15:11:42 [Winston 로그] info: lastweek router 요청
2024-06-10 15:11:42 [Winston 로그] info: lastweek router 시작
2024-06-10 15:11:42 [Winston 로그] info: User ID: user1 지난주 정보 DB 조회
2024-06-10 15:11:42 [Winston 로그] info: donutchart 성공
2024-06-10 15:11:42 [Winston 로그] info: sametime router 요청
2024-06-10 15:11:42 [Winston 로그] info: sametime router 시작
2024-06-10 15:11:42 [Winston 로그] info: User ID: user1 동시간대 정보 DB 조회
2024-06-10 15:11:42 [Winston 로그] info: lastweek 성공
2024-06-10 15:11:42 [Winston 로그] info: sametime 성공
2024-06-10 15:11:42 [Winston 로그] info: bytime router 요청
2024-06-10 15:11:42 [Winston 로그] info: bytime router 시작
2024-06-10 15:11:42 [Winston 로그] info: User ID: user1 시간별 정보 DB 조회
2024-06-10 15:11:42 [Winston 로그] info: bytime 성공
2024-06-10 15:11:42 [Winston 로그] info: weekavg router 요청
2024-06-10 15:11:42 [Winston 로그] info: weekavg router 시작
2024-06-10 15:11:42 [Winston 로그] info: User ID: user1 이번주, 지난주 평균 DB 조회
2024-06-10 15:11:42 [Winston 로그] info: weekavg 성공
2024-06-10 15:11:45 [Winston 로그] info: visitor router 요청
2024-06-10 15:11:45 [Winston 로그] info: visitor router 시작
2024-06-10 15:11:45 [Winston 로그] info: crowded router 요청
2024-06-10 15:11:45 [Winston 로그] info: crowded router 시작
2024-06-10 15:11:45 [Winston 로그] info: bywork router 요청
2024-06-10 15:11:45 [Winston 로그] info: bywork router 시작
2024-06-10 15:11:45 [Winston 로그] info: bygender router 요청
2024-06-10 15:11:45 [Winston 로그] info: bygender router 시작
2024-06-10 15:11:45 [Winston 로그] info: User ID: user1, Exhibition ID: exhb1 평균 방문객 정보 DB 조회
2024-06-10 15:11:45 [Winston 로그] info: User ID: user1, Exhibition ID: exhb1 혼잡도 정보 DB 조회
2024-06-10 15:11:45 [Winston 로그] info: User ID: user1, Exhibition ID: exhb1 구역별 정보 DB 조회
2024-06-10 15:11:45 [Winston 로그] info: User ID: user1, Exhibition ID: exhb1 성별 정보 DB 조회
2024-06-10 15:11:46 [Winston 로그] info: bygender 성공
2024-06-10 15:11:46 [Winston 로그] info: byage router 요청
2024-06-10 15:11:46 [Winston 로그] info: byage router 시작
2024-06-10 15:11:46 [Winston 로그] info: crowded 성공
2024-06-10 15:11:46 [Winston 로그] info: User ID: user1, Exhibition ID: exhb1 연령별 정보 DB 조회
2024-06-10 15:11:46 [Winston 로그] info: visitor 성공
2024-06-10 15:11:46 [Winston 로그] info: byage 성공
2024-06-10 15:11:46 [Winston 로그] info: bywork 성공
2024-06-10 15:12:45 [Winston 로그] info: visitor router 요청
2024-06-10 15:12:45 [Winston 로그] info: visitor router 시작
2024-06-10 15:12:45 [Winston 로그] info: User ID: user1, Exhibition ID: exhb1 평균 방문객 정보 DB 조회
2024-06-10 15:12:45 [Winston 로그] info: visitor 성공
2024-06-10 15:13:45 [Winston 로그] info: visitor router 요청
2024-06-10 15:13:45 [Winston 로그] info: visitor router 시작
2024-06-10 15:13:45 [Winston 로그] info: User ID: user1, Exhibition ID: exhb1 평균 방문객 정보 DB 조회
2024-06-10 15:13:45 [Winston 로그] info: visitor 성공
2024-06-10 15:14:45 [Winston 로그] info: visitor router 요청
2024-06-10 15:14:45 [Winston 로그] info: visitor router 시작
2024-06-10 15:14:45 [Winston 로그] info: User ID: user1, Exhibition ID: exhb1 평균 방문객 정보 DB 조회
2024-06-10 15:14:45 [Winston 로그] info: visitor 성공
2024-06-10 15:15:45 [Winston 로그] info: visitor router 요청
2024-06-10 15:15:45 [Winston 로그] info: visitor router 시작
2024-06-10 15:15:45 [Winston 로그] info: User ID: user1, Exhibition ID: exhb1 평균 방문객 정보 DB 조회
2024-06-10 15:15:45 [Winston 로그] info: visitor 성공
2024-06-10 15:16:45 [Winston 로그] info: visitor router 요청
2024-06-10 15:16:45 [Winston 로그] info: visitor router 시작
2024-06-10 15:16:45 [Winston 로그] info: User ID: user1, Exhibition ID: exhb1 평균 방문객 정보 DB 조회
2024-06-10 15:16:45 [Winston 로그] info: visitor 성공
2024-06-10 15:17:45 [Winston 로그] info: visitor router 요청
2024-06-10 15:17:45 [Winston 로그] info: visitor router 시작
2024-06-10 15:17:45 [Winston 로그] info: User ID: user1, Exhibition ID: exhb1 평균 방문객 정보 DB 조회
2024-06-10 15:17:46 [Winston 로그] info: visitor 성공
2024-06-10 15:18:45 [Winston 로그] info: visitor router 요청
2024-06-10 15:18:45 [Winston 로그] info: visitor router 시작
2024-06-10 15:18:45 [Winston 로그] info: User ID: user1, Exhibition ID: exhb1 평균 방문객 정보 DB 조회
2024-06-10 15:18:45 [Winston 로그] info: visitor 성공
2024-06-10 15:20:03 [Winston 로그] info: visitor router 요청
2024-06-10 15:20:03 [Winston 로그] info: visitor router 시작
2024-06-10 15:20:03 [Winston 로그] info: crowded router 요청
2024-06-10 15:20:03 [Winston 로그] info: crowded router 시작
2024-06-10 15:20:03 [Winston 로그] info: bywork router 요청
2024-06-10 15:20:03 [Winston 로그] info: bywork router 시작
2024-06-10 15:20:03 [Winston 로그] info: bygender router 요청
2024-06-10 15:20:03 [Winston 로그] info: bygender router 시작
2024-06-10 15:20:03 [Winston 로그] info: User ID: user1, Exhibition ID: exhb1 평균 방문객 정보 DB 조회
2024-06-10 15:20:03 [Winston 로그] info: visitor 성공
2024-06-10 15:20:03 [Winston 로그] info: User ID: user1, Exhibition ID: exhb1 혼잡도 정보 DB 조회
2024-06-10 15:20:03 [Winston 로그] info: User ID: user1, Exhibition ID: exhb1 성별 정보 DB 조회
2024-06-10 15:20:03 [Winston 로그] info: User ID: user1, Exhibition ID: exhb1 구역별 정보 DB 조회
2024-06-10 15:20:03 [Winston 로그] info: bygender 성공
2024-06-10 15:20:03 [Winston 로그] info: byage router 요청
2024-06-10 15:20:03 [Winston 로그] info: byage router 시작
2024-06-10 15:20:03 [Winston 로그] info: User ID: user1, Exhibition ID: exhb1 연령별 정보 DB 조회
2024-06-10 15:20:03 [Winston 로그] info: crowded 성공
2024-06-10 15:20:03 [Winston 로그] info: byage 성공
2024-06-10 15:20:03 [Winston 로그] info: bywork 성공
2024-06-10 15:21:03 [Winston 로그] info: visitor router 요청
2024-06-10 15:21:03 [Winston 로그] info: visitor router 시작
2024-06-10 15:21:03 [Winston 로그] info: User ID: user1, Exhibition ID: exhb1 평균 방문객 정보 DB 조회
2024-06-10 15:21:03 [Winston 로그] info: visitor 성공
2024-06-10 15:22:03 [Winston 로그] info: visitor router 요청
2024-06-10 15:22:03 [Winston 로그] info: visitor router 시작
2024-06-10 15:22:03 [Winston 로그] info: User ID: user1, Exhibition ID: exhb1 평균 방문객 정보 DB 조회
2024-06-10 15:22:03 [Winston 로그] info: visitor 성공
2024-06-10 15:23:03 [Winston 로그] info: visitor router 요청
2024-06-10 15:23:03 [Winston 로그] info: visitor router 시작
2024-06-10 15:23:03 [Winston 로그] info: User ID: user1, Exhibition ID: exhb1 평균 방문객 정보 DB 조회
2024-06-10 15:23:03 [Winston 로그] info: visitor 성공
2024-06-10 15:24:03 [Winston 로그] info: visitor router 요청
2024-06-10 15:24:03 [Winston 로그] info: visitor router 시작
2024-06-10 15:24:03 [Winston 로그] info: User ID: user1, Exhibition ID: exhb1 평균 방문객 정보 DB 조회
2024-06-10 15:24:03 [Winston 로그] info: visitor 성공
2024-06-10 15:25:03 [Winston 로그] info: visitor router 요청
2024-06-10 15:25:03 [Winston 로그] info: visitor router 시작
2024-06-10 15:25:03 [Winston 로그] info: User ID: user1, Exhibition ID: exhb1 평균 방문객 정보 DB 조회
2024-06-10 15:25:03 [Winston 로그] info: visitor 성공
2024-06-10 15:26:03 [Winston 로그] info: visitor router 요청
2024-06-10 15:26:03 [Winston 로그] info: visitor router 시작
2024-06-10 15:26:03 [Winston 로그] info: User ID: user1, Exhibition ID: exhb1 평균 방문객 정보 DB 조회
2024-06-10 15:26:03 [Winston 로그] info: visitor 성공
2024-06-10 15:27:03 [Winston 로그] info: visitor router 요청
2024-06-10 15:27:03 [Winston 로그] info: visitor router 시작
2024-06-10 15:27:03 [Winston 로그] info: User ID: user1, Exhibition ID: exhb1 평균 방문객 정보 DB 조회
2024-06-10 15:27:03 [Winston 로그] info: visitor 성공
2024-06-10 15:28:03 [Winston 로그] info: visitor router 요청
2024-06-10 15:28:03 [Winston 로그] info: visitor router 시작
2024-06-10 15:28:03 [Winston 로그] info: User ID: user1, Exhibition ID: exhb1 평균 방문객 정보 DB 조회
2024-06-10 15:28:03 [Winston 로그] info: visitor 성공
2024-06-10 15:29:03 [Winston 로그] info: visitor router 요청
2024-06-10 15:29:03 [Winston 로그] info: visitor router 시작
2024-06-10 15:29:03 [Winston 로그] info: User ID: user1, Exhibition ID: exhb1 평균 방문객 정보 DB 조회
2024-06-10 15:29:03 [Winston 로그] info: visitor 성공
2024-06-10 15:30:03 [Winston 로그] info: visitor router 요청
2024-06-10 15:30:03 [Winston 로그] info: visitor router 시작
2024-06-10 15:30:03 [Winston 로그] info: User ID: user1, Exhibition ID: exhb1 평균 방문객 정보 DB 조회
2024-06-10 15:30:03 [Winston 로그] info: visitor 성공
2024-06-10 15:31:03 [Winston 로그] info: visitor router 요청
2024-06-10 15:31:03 [Winston 로그] info: visitor router 시작
2024-06-10 15:31:03 [Winston 로그] info: User ID: user1, Exhibition ID: exhb1 평균 방문객 정보 DB 조회
2024-06-10 15:31:03 [Winston 로그] info: visitor 성공
2024-06-10 15:32:03 [Winston 로그] info: visitor router 요청
2024-06-10 15:32:03 [Winston 로그] info: visitor router 시작
2024-06-10 15:32:03 [Winston 로그] info: User ID: user1, Exhibition ID: exhb1 평균 방문객 정보 DB 조회
2024-06-10 15:32:03 [Winston 로그] info: visitor 성공
2024-06-10 15:33:03 [Winston 로그] info: visitor router 요청
2024-06-10 15:33:03 [Winston 로그] info: visitor router 시작
2024-06-10 15:33:03 [Winston 로그] info: User ID: user1, Exhibition ID: exhb1 평균 방문객 정보 DB 조회
2024-06-10 15:33:03 [Winston 로그] info: visitor 성공
2024-06-10 15:34:03 [Winston 로그] info: visitor router 요청
2024-06-10 15:34:03 [Winston 로그] info: visitor router 시작
2024-06-10 15:34:03 [Winston 로그] info: User ID: user1, Exhibition ID: exhb1 평균 방문객 정보 DB 조회
2024-06-10 15:34:03 [Winston 로그] info: visitor 성공
2024-06-10 15:35:03 [Winston 로그] info: visitor router 요청
2024-06-10 15:35:03 [Winston 로그] info: visitor router 시작
2024-06-10 15:35:03 [Winston 로그] info: User ID: user1, Exhibition ID: exhb1 평균 방문객 정보 DB 조회
2024-06-10 15:35:03 [Winston 로그] info: visitor 성공
2024-06-10 15:35:31 [Winston 로그] info: visitor router 요청
2024-06-10 15:35:31 [Winston 로그] info: visitor router 시작
2024-06-10 15:35:31 [Winston 로그] info: User ID: user1, Exhibition ID: exhb1 평균 방문객 정보 DB 조회
2024-06-10 15:35:31 [Winston 로그] info: visitor 성공
2024-06-10 15:36:31 [Winston 로그] info: visitor router 요청
2024-06-10 15:36:31 [Winston 로그] info: visitor router 시작
2024-06-10 15:36:31 [Winston 로그] info: User ID: user1, Exhibition ID: exhb1 평균 방문객 정보 DB 조회
2024-06-10 15:36:31 [Winston 로그] info: visitor 성공
2024-06-10 15:37:31 [Winston 로그] info: visitor router 요청
2024-06-10 15:37:31 [Winston 로그] info: visitor router 시작
2024-06-10 15:37:31 [Winston 로그] info: User ID: user1, Exhibition ID: exhb1 평균 방문객 정보 DB 조회
2024-06-10 15:37:31 [Winston 로그] info: visitor 성공
2024-06-10 15:38:18 [Winston 로그] info: visitor router 요청
2024-06-10 15:38:18 [Winston 로그] info: visitor router 시작
2024-06-10 15:38:18 [Winston 로그] info: User ID: user1, Exhibition ID: exhb1 평균 방문객 정보 DB 조회
2024-06-10 15:38:18 [Winston 로그] info: visitor 성공
2024-06-10 15:38:27 [Winston 로그] info: visitor router 요청
2024-06-10 15:38:27 [Winston 로그] info: visitor router 시작
2024-06-10 15:38:27 [Winston 로그] info: User ID: user1, Exhibition ID: exhb1 평균 방문객 정보 DB 조회
2024-06-10 15:38:27 [Winston 로그] info: visitor 성공
2024-06-10 15:38:42 [Winston 로그] info: visitor router 요청
2024-06-10 15:38:42 [Winston 로그] info: visitor router 시작
2024-06-10 15:38:42 [Winston 로그] info: User ID: user1, Exhibition ID: exhb1 평균 방문객 정보 DB 조회
2024-06-10 15:38:42 [Winston 로그] info: visitor 성공
2024-06-10 15:39:17 [Winston 로그] info: visitor router 요청
2024-06-10 15:39:17 [Winston 로그] info: visitor router 시작
2024-06-10 15:39:17 [Winston 로그] info: User ID: user1, Exhibition ID: exhb1 평균 방문객 정보 DB 조회
2024-06-10 15:39:17 [Winston 로그] info: visitor 성공
2024-06-10 15:39:28 [Winston 로그] info: thisweek router 요청
2024-06-10 15:39:28 [Winston 로그] info: thisweek router 시작
2024-06-10 15:39:28 [Winston 로그] info: donutchart router 요청
2024-06-10 15:39:28 [Winston 로그] info: donutchart router 시작
2024-06-10 15:39:28 [Winston 로그] info: User ID: user1 이번주 정보 DB 조회
2024-06-10 15:39:28 [Winston 로그] info: thisweek 성공
2024-06-10 15:39:28 [Winston 로그] info: lastweek router 요청
2024-06-10 15:39:28 [Winston 로그] info: lastweek router 시작
2024-06-10 15:39:28 [Winston 로그] info: User ID: user1 지난주 정보 DB 조회
2024-06-10 15:39:28 [Winston 로그] info: lastweek 성공
2024-06-10 15:39:28 [Winston 로그] info: User ID: user1, 도넛차트 정보 DB 조회
2024-06-10 15:39:28 [Winston 로그] info: donutchart 성공
2024-06-10 15:39:28 [Winston 로그] info: sametime router 요청
2024-06-10 15:39:28 [Winston 로그] info: sametime router 시작
2024-06-10 15:39:28 [Winston 로그] info: User ID: user1 동시간대 정보 DB 조회
2024-06-10 15:39:28 [Winston 로그] info: sametime 성공
2024-06-10 15:39:28 [Winston 로그] info: bytime router 요청
2024-06-10 15:39:28 [Winston 로그] info: bytime router 시작
2024-06-10 15:39:28 [Winston 로그] info: User ID: user1 시간별 정보 DB 조회
2024-06-10 15:39:29 [Winston 로그] info: bytime 성공
2024-06-10 15:39:29 [Winston 로그] info: weekavg router 요청
2024-06-10 15:39:29 [Winston 로그] info: weekavg router 시작
2024-06-10 15:39:29 [Winston 로그] info: User ID: user1 이번주, 지난주 평균 DB 조회
2024-06-10 15:39:29 [Winston 로그] info: weekavg 성공
2024-06-10 15:39:31 [Winston 로그] info: getExhb router 요청
2024-06-10 15:39:31 [Winston 로그] info: getExhb router 시작
2024-06-10 15:39:31 [Winston 로그] info: User ID: user1 사용자 전시관 정보 DB 조회
2024-06-10 15:39:31 [Winston 로그] info: getexhb 성공
2024-06-10 15:39:32 [Winston 로그] info: visitor router 요청
2024-06-10 15:39:32 [Winston 로그] info: visitor router 시작
2024-06-10 15:39:32 [Winston 로그] info: crowded router 요청
2024-06-10 15:39:32 [Winston 로그] info: crowded router 시작
2024-06-10 15:39:32 [Winston 로그] info: bywork router 요청
2024-06-10 15:39:32 [Winston 로그] info: bywork router 시작
2024-06-10 15:39:32 [Winston 로그] info: bygender router 요청
2024-06-10 15:39:32 [Winston 로그] info: bygender router 시작
2024-06-10 15:39:32 [Winston 로그] info: User ID: user1, Exhibition ID: exhb1 평균 방문객 정보 DB 조회
2024-06-10 15:39:32 [Winston 로그] info: User ID: user1, Exhibition ID: exhb1 혼잡도 정보 DB 조회
2024-06-10 15:39:32 [Winston 로그] info: User ID: user1, Exhibition ID: exhb1 성별 정보 DB 조회
2024-06-10 15:39:32 [Winston 로그] info: User ID: user1, Exhibition ID: exhb1 구역별 정보 DB 조회
2024-06-10 15:39:32 [Winston 로그] info: bygender 성공
2024-06-10 15:39:32 [Winston 로그] info: byage router 요청
2024-06-10 15:39:32 [Winston 로그] info: byage router 시작
2024-06-10 15:39:32 [Winston 로그] info: User ID: user1, Exhibition ID: exhb1 연령별 정보 DB 조회
2024-06-10 15:39:32 [Winston 로그] info: crowded 성공
2024-06-10 15:39:32 [Winston 로그] info: byage 성공
2024-06-10 15:39:32 [Winston 로그] info: visitor 성공
2024-06-10 15:39:32 [Winston 로그] info: bywork 성공
2024-06-10 15:39:34 [Winston 로그] info: thisweek router 요청
2024-06-10 15:39:34 [Winston 로그] info: thisweek router 시작
2024-06-10 15:39:34 [Winston 로그] info: donutchart router 요청
2024-06-10 15:39:34 [Winston 로그] info: donutchart router 시작
2024-06-10 15:39:34 [Winston 로그] info: User ID: user1, 도넛차트 정보 DB 조회
2024-06-10 15:39:34 [Winston 로그] info: User ID: user1 이번주 정보 DB 조회
2024-06-10 15:39:34 [Winston 로그] info: donutchart 성공
2024-06-10 15:39:34 [Winston 로그] info: sametime router 요청
2024-06-10 15:39:34 [Winston 로그] info: sametime router 시작
2024-06-10 15:39:34 [Winston 로그] info: thisweek 성공
2024-06-10 15:39:34 [Winston 로그] info: lastweek router 요청
2024-06-10 15:39:34 [Winston 로그] info: lastweek router 시작
2024-06-10 15:39:34 [Winston 로그] info: User ID: user1 동시간대 정보 DB 조회
2024-06-10 15:39:34 [Winston 로그] info: User ID: user1 지난주 정보 DB 조회
2024-06-10 15:39:34 [Winston 로그] info: lastweek 성공
2024-06-10 15:39:34 [Winston 로그] info: sametime 성공
2024-06-10 15:39:34 [Winston 로그] info: bytime router 요청
2024-06-10 15:39:34 [Winston 로그] info: bytime router 시작
2024-06-10 15:39:34 [Winston 로그] info: User ID: user1 시간별 정보 DB 조회
2024-06-10 15:39:34 [Winston 로그] info: bytime 성공
2024-06-10 15:39:34 [Winston 로그] info: weekavg router 요청
2024-06-10 15:39:34 [Winston 로그] info: weekavg router 시작
2024-06-10 15:39:34 [Winston 로그] info: User ID: user1 이번주, 지난주 평균 DB 조회
2024-06-10 15:39:35 [Winston 로그] info: weekavg 성공
2024-06-10 15:39:37 [Winston 로그] info: visitor router 요청
2024-06-10 15:39:37 [Winston 로그] info: visitor router 시작
2024-06-10 15:39:37 [Winston 로그] info: crowded router 요청
2024-06-10 15:39:37 [Winston 로그] info: crowded router 시작
2024-06-10 15:39:37 [Winston 로그] info: bywork router 요청
2024-06-10 15:39:37 [Winston 로그] info: bywork router 시작
2024-06-10 15:39:37 [Winston 로그] info: bygender router 요청
2024-06-10 15:39:37 [Winston 로그] info: bygender router 시작
2024-06-10 15:39:37 [Winston 로그] info: User ID: user1, Exhibition ID: exhb1 평균 방문객 정보 DB 조회
2024-06-10 15:39:37 [Winston 로그] info: User ID: user1, Exhibition ID: exhb1 혼잡도 정보 DB 조회
2024-06-10 15:39:37 [Winston 로그] info: User ID: user1, Exhibition ID: exhb1 성별 정보 DB 조회
2024-06-10 15:39:37 [Winston 로그] info: User ID: user1, Exhibition ID: exhb1 구역별 정보 DB 조회
2024-06-10 15:39:37 [Winston 로그] info: bygender 성공
2024-06-10 15:39:37 [Winston 로그] info: byage router 요청
2024-06-10 15:39:37 [Winston 로그] info: byage router 시작
2024-06-10 15:39:37 [Winston 로그] info: User ID: user1, Exhibition ID: exhb1 연령별 정보 DB 조회
2024-06-10 15:39:37 [Winston 로그] info: byage 성공
2024-06-10 15:39:37 [Winston 로그] info: crowded 성공
2024-06-10 15:39:37 [Winston 로그] info: visitor 성공
2024-06-10 15:39:37 [Winston 로그] info: bywork 성공
2024-06-10 15:39:41 [Winston 로그] info: visitor router 요청
2024-06-10 15:39:41 [Winston 로그] info: visitor router 시작
2024-06-10 15:39:41 [Winston 로그] info: User ID: user1, Exhibition ID: exhb1 평균 방문객 정보 DB 조회
2024-06-10 15:39:41 [Winston 로그] info: visitor 성공
2024-06-10 15:40:41 [Winston 로그] info: visitor router 요청
2024-06-10 15:40:41 [Winston 로그] info: visitor router 시작
2024-06-10 15:40:41 [Winston 로그] info: User ID: user1, Exhibition ID: exhb1 평균 방문객 정보 DB 조회
2024-06-10 15:40:41 [Winston 로그] info: visitor 성공
2024-06-10 15:41:41 [Winston 로그] info: visitor router 요청
2024-06-10 15:41:41 [Winston 로그] info: visitor router 시작
2024-06-10 15:41:41 [Winston 로그] info: User ID: user1, Exhibition ID: exhb1 평균 방문객 정보 DB 조회
2024-06-10 15:41:41 [Winston 로그] info: visitor 성공
2024-06-10 15:42:41 [Winston 로그] info: visitor router 요청
2024-06-10 15:42:41 [Winston 로그] info: visitor router 시작
2024-06-10 15:42:41 [Winston 로그] info: User ID: user1, Exhibition ID: exhb1 평균 방문객 정보 DB 조회
2024-06-10 15:42:41 [Winston 로그] info: visitor 성공
2024-06-10 15:43:01 [Winston 로그] info: visitor router 요청
2024-06-10 15:43:01 [Winston 로그] info: visitor router 시작
2024-06-10 15:43:01 [Winston 로그] info: User ID: user1, Exhibition ID: exhb1 평균 방문객 정보 DB 조회
2024-06-10 15:43:01 [Winston 로그] info: visitor 성공
2024-06-10 15:43:50 [Winston 로그] info: visitor router 요청
2024-06-10 15:43:50 [Winston 로그] info: visitor router 시작
2024-06-10 15:43:50 [Winston 로그] info: User ID: user1, Exhibition ID: exhb1 평균 방문객 정보 DB 조회
2024-06-10 15:43:50 [Winston 로그] info: visitor 성공
2024-06-10 15:44:50 [Winston 로그] info: visitor router 요청
2024-06-10 15:44:50 [Winston 로그] info: visitor router 시작
2024-06-10 15:44:50 [Winston 로그] info: User ID: user1, Exhibition ID: exhb1 평균 방문객 정보 DB 조회
2024-06-10 15:44:50 [Winston 로그] info: visitor 성공
2024-06-10 15:45:50 [Winston 로그] info: visitor router 요청
2024-06-10 15:45:50 [Winston 로그] info: visitor router 시작
2024-06-10 15:45:50 [Winston 로그] info: User ID: user1, Exhibition ID: exhb1 평균 방문객 정보 DB 조회
2024-06-10 15:45:50 [Winston 로그] info: visitor 성공
2024-06-10 15:46:49 [Winston 로그] info: login router 요청
2024-06-10 15:46:49 [Winston 로그] info: login router 시작
2024-06-10 15:46:49 [Winston 로그] info: 로그인에 성공했습니다.
2024-06-10 15:46:49 [Winston 로그] info: thisweek router 요청
2024-06-10 15:46:49 [Winston 로그] info: thisweek router 시작
2024-06-10 15:46:49 [Winston 로그] info: donutchart router 요청
2024-06-10 15:46:49 [Winston 로그] info: donutchart router 시작
2024-06-10 15:46:49 [Winston 로그] info: User ID: user1 이번주 정보 DB 조회
2024-06-10 15:46:49 [Winston 로그] info: thisweek 성공
2024-06-10 15:46:49 [Winston 로그] info: lastweek router 요청
2024-06-10 15:46:49 [Winston 로그] info: lastweek router 시작
2024-06-10 15:46:50 [Winston 로그] info: User ID: user1 지난주 정보 DB 조회
2024-06-10 15:46:50 [Winston 로그] info: User ID: user1, 도넛차트 정보 DB 조회
2024-06-10 15:46:50 [Winston 로그] info: donutchart 성공
2024-06-10 15:46:50 [Winston 로그] info: sametime router 요청
2024-06-10 15:46:50 [Winston 로그] info: sametime router 시작
2024-06-10 15:46:50 [Winston 로그] info: lastweek 성공
2024-06-10 15:46:50 [Winston 로그] info: User ID: user1 동시간대 정보 DB 조회
2024-06-10 15:46:50 [Winston 로그] info: sametime 성공
2024-06-10 15:46:50 [Winston 로그] info: bytime router 요청
2024-06-10 15:46:50 [Winston 로그] info: bytime router 시작
2024-06-10 15:46:50 [Winston 로그] info: User ID: user1 시간별 정보 DB 조회
2024-06-10 15:46:50 [Winston 로그] info: bytime 성공
2024-06-10 15:46:50 [Winston 로그] info: weekavg router 요청
2024-06-10 15:46:50 [Winston 로그] info: weekavg router 시작
2024-06-10 15:46:50 [Winston 로그] info: User ID: user1 이번주, 지난주 평균 DB 조회
2024-06-10 15:46:50 [Winston 로그] info: weekavg 성공
2024-06-10 15:46:53 [Winston 로그] info: visitor router 요청
2024-06-10 15:46:53 [Winston 로그] info: visitor router 시작
2024-06-10 15:46:53 [Winston 로그] info: crowded router 요청
2024-06-10 15:46:53 [Winston 로그] info: crowded router 시작
2024-06-10 15:46:53 [Winston 로그] info: bywork router 요청
2024-06-10 15:46:53 [Winston 로그] info: bywork router 시작
2024-06-10 15:46:53 [Winston 로그] info: bygender router 요청
2024-06-10 15:46:53 [Winston 로그] info: bygender router 시작
2024-06-10 15:46:53 [Winston 로그] info: User ID: user1, Exhibition ID: exhb1 평균 방문객 정보 DB 조회
2024-06-10 15:46:53 [Winston 로그] info: User ID: user1, Exhibition ID: exhb1 혼잡도 정보 DB 조회
2024-06-10 15:46:53 [Winston 로그] info: User ID: user1, Exhibition ID: exhb1 성별 정보 DB 조회
2024-06-10 15:46:53 [Winston 로그] info: User ID: user1, Exhibition ID: exhb1 구역별 정보 DB 조회
2024-06-10 15:46:53 [Winston 로그] info: bygender 성공
2024-06-10 15:46:53 [Winston 로그] info: byage router 요청
2024-06-10 15:46:53 [Winston 로그] info: byage router 시작
2024-06-10 15:46:53 [Winston 로그] info: visitor 성공
2024-06-10 15:46:53 [Winston 로그] info: crowded 성공
2024-06-10 15:46:53 [Winston 로그] info: bywork 성공
2024-06-10 15:46:53 [Winston 로그] info: User ID: user1, Exhibition ID: exhb1 연령별 정보 DB 조회
2024-06-10 15:46:53 [Winston 로그] info: byage 성공
2024-06-10 15:46:55 [Winston 로그] info: visitor router 요청
2024-06-10 15:46:55 [Winston 로그] info: visitor router 시작
2024-06-10 15:46:55 [Winston 로그] info: User ID: user1, Exhibition ID: exhb1 평균 방문객 정보 DB 조회
2024-06-10 15:46:55 [Winston 로그] info: visitor 성공
2024-06-10 15:47:55 [Winston 로그] info: visitor router 요청
2024-06-10 15:47:55 [Winston 로그] info: visitor router 시작
2024-06-10 15:47:55 [Winston 로그] info: User ID: user1, Exhibition ID: exhb1 평균 방문객 정보 DB 조회
2024-06-10 15:47:56 [Winston 로그] info: visitor 성공
2024-06-10 15:48:55 [Winston 로그] info: visitor router 요청
2024-06-10 15:48:55 [Winston 로그] info: visitor router 시작
2024-06-10 15:48:55 [Winston 로그] info: User ID: user1, Exhibition ID: exhb1 평균 방문객 정보 DB 조회
2024-06-10 15:48:56 [Winston 로그] info: visitor 성공
2024-06-10 15:50:10 [Winston 로그] info: login router 요청
2024-06-10 15:50:10 [Winston 로그] info: login router 시작
2024-06-10 15:50:10 [Winston 로그] info: 로그인에 성공했습니다.
2024-06-10 15:50:10 [Winston 로그] info: thisweek router 요청
2024-06-10 15:50:10 [Winston 로그] info: thisweek router 시작
2024-06-10 15:50:10 [Winston 로그] info: donutchart router 요청
2024-06-10 15:50:10 [Winston 로그] info: donutchart router 시작
2024-06-10 15:50:10 [Winston 로그] info: User ID: user1 이번주 정보 DB 조회
2024-06-10 15:50:10 [Winston 로그] info: User ID: user1, 도넛차트 정보 DB 조회
2024-06-10 15:50:10 [Winston 로그] info: donutchart 성공
2024-06-10 15:50:10 [Winston 로그] info: sametime router 요청
2024-06-10 15:50:10 [Winston 로그] info: sametime router 시작
2024-06-10 15:50:10 [Winston 로그] info: User ID: user1 동시간대 정보 DB 조회
2024-06-10 15:50:10 [Winston 로그] info: thisweek 성공
2024-06-10 15:50:10 [Winston 로그] info: lastweek router 요청
2024-06-10 15:50:10 [Winston 로그] info: lastweek router 시작
2024-06-10 15:50:10 [Winston 로그] info: User ID: user1 지난주 정보 DB 조회
2024-06-10 15:50:10 [Winston 로그] info: sametime 성공
2024-06-10 15:50:10 [Winston 로그] info: bytime router 요청
2024-06-10 15:50:10 [Winston 로그] info: bytime router 시작
2024-06-10 15:50:10 [Winston 로그] info: User ID: user1 시간별 정보 DB 조회
2024-06-10 15:50:10 [Winston 로그] info: lastweek 성공
2024-06-10 15:50:10 [Winston 로그] info: bytime 성공
2024-06-10 15:50:10 [Winston 로그] info: weekavg router 요청
2024-06-10 15:50:10 [Winston 로그] info: weekavg router 시작
2024-06-10 15:50:10 [Winston 로그] info: User ID: user1 이번주, 지난주 평균 DB 조회
2024-06-10 15:50:10 [Winston 로그] info: weekavg 성공
2024-06-10 16:04:07 [Winston 로그] info: visitor router 요청
2024-06-10 16:04:07 [Winston 로그] info: visitor router 시작
2024-06-10 16:04:07 [Winston 로그] info: crowded router 요청
2024-06-10 16:04:07 [Winston 로그] info: crowded router 시작
2024-06-10 16:04:07 [Winston 로그] info: bywork router 요청
2024-06-10 16:04:07 [Winston 로그] info: bywork router 시작
2024-06-10 16:04:07 [Winston 로그] info: bygender router 요청
2024-06-10 16:04:07 [Winston 로그] info: bygender router 시작
2024-06-10 16:04:07 [Winston 로그] info: User ID: user1, Exhibition ID: exhb1 성별 정보 DB 조회
2024-06-10 16:04:07 [Winston 로그] info: User ID: user1, Exhibition ID: exhb1 구역별 정보 DB 조회
2024-06-10 16:04:07 [Winston 로그] info: User ID: user1, Exhibition ID: exhb1 평균 방문객 정보 DB 조회
2024-06-10 16:04:07 [Winston 로그] info: User ID: user1, Exhibition ID: exhb1 혼잡도 정보 DB 조회
2024-06-10 16:04:07 [Winston 로그] info: bygender 성공
2024-06-10 16:04:07 [Winston 로그] info: byage router 요청
2024-06-10 16:04:07 [Winston 로그] info: byage router 시작
2024-06-10 16:04:07 [Winston 로그] info: User ID: user1, Exhibition ID: exhb1 연령별 정보 DB 조회
2024-06-10 16:04:08 [Winston 로그] info: byage 성공
2024-06-10 16:04:08 [Winston 로그] info: crowded 성공
2024-06-10 16:04:08 [Winston 로그] info: visitor 성공
2024-06-10 16:04:08 [Winston 로그] info: bywork 성공
2024-06-10 16:04:11 [Winston 로그] info: visitor router 요청
2024-06-10 16:04:11 [Winston 로그] info: visitor router 시작
2024-06-10 16:04:11 [Winston 로그] info: User ID: user1, Exhibition ID: exhb1 평균 방문객 정보 DB 조회
2024-06-10 16:04:11 [Winston 로그] info: visitor 성공
2024-06-10 16:05:21 [Winston 로그] info: login router 요청
2024-06-10 16:05:21 [Winston 로그] info: login router 시작
2024-06-10 16:05:21 [Winston 로그] info: 로그인에 성공했습니다.
2024-06-10 16:05:21 [Winston 로그] info: thisweek router 요청
2024-06-10 16:05:21 [Winston 로그] info: thisweek router 시작
2024-06-10 16:05:21 [Winston 로그] info: donutchart router 요청
2024-06-10 16:05:21 [Winston 로그] info: donutchart router 시작
2024-06-10 16:05:21 [Winston 로그] info: User ID: user1 이번주 정보 DB 조회
2024-06-10 16:05:21 [Winston 로그] info: User ID: user1, 도넛차트 정보 DB 조회
2024-06-10 16:05:21 [Winston 로그] info: donutchart 성공
2024-06-10 16:05:21 [Winston 로그] info: sametime router 요청
2024-06-10 16:05:21 [Winston 로그] info: sametime router 시작
2024-06-10 16:05:21 [Winston 로그] info: User ID: user1 동시간대 정보 DB 조회
2024-06-10 16:05:21 [Winston 로그] info: thisweek 성공
2024-06-10 16:05:21 [Winston 로그] info: lastweek router 요청
2024-06-10 16:05:21 [Winston 로그] info: lastweek router 시작
2024-06-10 16:05:21 [Winston 로그] info: User ID: user1 지난주 정보 DB 조회
2024-06-10 16:05:22 [Winston 로그] info: lastweek 성공
2024-06-10 16:05:22 [Winston 로그] info: sametime 성공
2024-06-10 16:05:22 [Winston 로그] info: bytime router 요청
2024-06-10 16:05:22 [Winston 로그] info: bytime router 시작
2024-06-10 16:05:22 [Winston 로그] info: User ID: user1 시간별 정보 DB 조회
2024-06-10 16:05:22 [Winston 로그] info: bytime 성공
2024-06-10 16:05:22 [Winston 로그] info: weekavg router 요청
2024-06-10 16:05:22 [Winston 로그] info: weekavg router 시작
2024-06-10 16:05:22 [Winston 로그] info: User ID: user1 이번주, 지난주 평균 DB 조회
2024-06-10 16:05:22 [Winston 로그] info: weekavg 성공
2024-06-10 16:05:24 [Winston 로그] info: visitor router 요청
2024-06-10 16:05:24 [Winston 로그] info: visitor router 시작
2024-06-10 16:05:24 [Winston 로그] info: crowded router 요청
2024-06-10 16:05:24 [Winston 로그] info: crowded router 시작
2024-06-10 16:05:24 [Winston 로그] info: bywork router 요청
2024-06-10 16:05:24 [Winston 로그] info: bywork router 시작
2024-06-10 16:05:24 [Winston 로그] info: bygender router 요청
2024-06-10 16:05:24 [Winston 로그] info: bygender router 시작
2024-06-10 16:05:24 [Winston 로그] info: User ID: user1, Exhibition ID: exhb1 혼잡도 정보 DB 조회
2024-06-10 16:05:24 [Winston 로그] info: User ID: user1, Exhibition ID: exhb1 평균 방문객 정보 DB 조회
2024-06-10 16:05:24 [Winston 로그] info: User ID: user1, Exhibition ID: exhb1 성별 정보 DB 조회
2024-06-10 16:05:24 [Winston 로그] info: User ID: user1, Exhibition ID: exhb1 구역별 정보 DB 조회
2024-06-10 16:05:24 [Winston 로그] info: bygender 성공
2024-06-10 16:05:24 [Winston 로그] info: byage router 요청
2024-06-10 16:05:24 [Winston 로그] info: byage router 시작
2024-06-10 16:05:24 [Winston 로그] info: User ID: user1, Exhibition ID: exhb1 연령별 정보 DB 조회
2024-06-10 16:05:24 [Winston 로그] info: byage 성공
2024-06-10 16:05:24 [Winston 로그] info: crowded 성공
2024-06-10 16:05:25 [Winston 로그] info: visitor 성공
2024-06-10 16:05:25 [Winston 로그] info: bywork 성공
2024-06-10 16:05:27 [Winston 로그] info: visitor router 요청
2024-06-10 16:05:27 [Winston 로그] info: visitor router 시작
2024-06-10 16:05:27 [Winston 로그] info: User ID: user1, Exhibition ID: exhb1 평균 방문객 정보 DB 조회
2024-06-10 16:05:27 [Winston 로그] info: visitor 성공
2024-06-10 16:06:27 [Winston 로그] info: visitor router 요청
2024-06-10 16:06:27 [Winston 로그] info: visitor router 시작
2024-06-10 16:06:27 [Winston 로그] info: User ID: user1, Exhibition ID: exhb1 평균 방문객 정보 DB 조회
2024-06-10 16:06:27 [Winston 로그] info: visitor 성공
2024-06-10 16:08:41 [Winston 로그] info: login router 요청
2024-06-10 16:08:41 [Winston 로그] info: login router 시작
2024-06-10 16:08:41 [Winston 로그] info: 로그인에 성공했습니다.
2024-06-10 16:08:41 [Winston 로그] info: thisweek router 요청
2024-06-10 16:08:41 [Winston 로그] info: thisweek router 시작
2024-06-10 16:08:41 [Winston 로그] info: donutchart router 요청
2024-06-10 16:08:41 [Winston 로그] info: donutchart router 시작
2024-06-10 16:08:41 [Winston 로그] info: User ID: user1 이번주 정보 DB 조회
2024-06-10 16:08:41 [Winston 로그] info: User ID: user1, 도넛차트 정보 DB 조회
2024-06-10 16:08:41 [Winston 로그] info: donutchart 성공
2024-06-10 16:08:41 [Winston 로그] info: sametime router 요청
2024-06-10 16:08:41 [Winston 로그] info: sametime router 시작
2024-06-10 16:08:41 [Winston 로그] info: thisweek 성공
2024-06-10 16:08:41 [Winston 로그] info: lastweek router 요청
2024-06-10 16:08:41 [Winston 로그] info: lastweek router 시작
2024-06-10 16:08:41 [Winston 로그] info: User ID: user1 동시간대 정보 DB 조회
2024-06-10 16:08:41 [Winston 로그] info: User ID: user1 지난주 정보 DB 조회
2024-06-10 16:08:41 [Winston 로그] info: lastweek 성공
2024-06-10 16:08:42 [Winston 로그] info: sametime 성공
2024-06-10 16:08:42 [Winston 로그] info: bytime router 요청
2024-06-10 16:08:42 [Winston 로그] info: bytime router 시작
2024-06-10 16:08:42 [Winston 로그] info: User ID: user1 시간별 정보 DB 조회
2024-06-10 16:08:42 [Winston 로그] info: bytime 성공
2024-06-10 16:08:42 [Winston 로그] info: weekavg router 요청
2024-06-10 16:08:42 [Winston 로그] info: weekavg router 시작
2024-06-10 16:08:42 [Winston 로그] info: User ID: user1 이번주, 지난주 평균 DB 조회
2024-06-10 16:08:42 [Winston 로그] info: weekavg 성공
2024-06-10 16:08:42 [Winston 로그] info: visitor router 요청
2024-06-10 16:08:42 [Winston 로그] info: visitor router 시작
2024-06-10 16:08:42 [Winston 로그] info: crowded router 요청
2024-06-10 16:08:42 [Winston 로그] info: crowded router 시작
2024-06-10 16:08:42 [Winston 로그] info: bywork router 요청
2024-06-10 16:08:42 [Winston 로그] info: bywork router 시작
2024-06-10 16:08:42 [Winston 로그] info: bygender router 요청
2024-06-10 16:08:42 [Winston 로그] info: bygender router 시작
2024-06-10 16:08:42 [Winston 로그] info: User ID: user1, Exhibition ID: exhb1 평균 방문객 정보 DB 조회
2024-06-10 16:08:42 [Winston 로그] info: User ID: user1, Exhibition ID: exhb1 혼잡도 정보 DB 조회
2024-06-10 16:08:43 [Winston 로그] info: User ID: user1, Exhibition ID: exhb1 성별 정보 DB 조회
2024-06-10 16:08:43 [Winston 로그] info: User ID: user1, Exhibition ID: exhb1 구역별 정보 DB 조회
2024-06-10 16:08:43 [Winston 로그] info: bygender 성공
2024-06-10 16:08:43 [Winston 로그] info: byage router 요청
2024-06-10 16:08:43 [Winston 로그] info: byage router 시작
2024-06-10 16:08:43 [Winston 로그] info: User ID: user1, Exhibition ID: exhb1 연령별 정보 DB 조회
2024-06-10 16:08:43 [Winston 로그] info: crowded 성공
2024-06-10 16:08:43 [Winston 로그] info: byage 성공
2024-06-10 16:08:43 [Winston 로그] info: visitor 성공
2024-06-10 16:08:43 [Winston 로그] info: bywork 성공
2024-06-10 16:08:45 [Winston 로그] info: visitor router 요청
2024-06-10 16:08:45 [Winston 로그] info: visitor router 시작
2024-06-10 16:08:45 [Winston 로그] info: User ID: user1, Exhibition ID: exhb1 평균 방문객 정보 DB 조회
2024-06-10 16:08:45 [Winston 로그] info: visitor 성공
2024-06-10 16:09:02 [Winston 로그] info: visitor router 요청
2024-06-10 16:09:02 [Winston 로그] info: visitor router 시작
2024-06-10 16:09:02 [Winston 로그] info: User ID: user1, Exhibition ID: exhb1 평균 방문객 정보 DB 조회
2024-06-10 16:09:02 [Winston 로그] info: visitor 성공
2024-06-10 16:09:43 [Winston 로그] info: login router 요청
2024-06-10 16:09:43 [Winston 로그] info: login router 시작
2024-06-10 16:09:43 [Winston 로그] info: 로그인에 성공했습니다.
2024-06-10 16:09:43 [Winston 로그] info: thisweek router 요청
2024-06-10 16:09:43 [Winston 로그] info: thisweek router 시작
2024-06-10 16:09:43 [Winston 로그] info: donutchart router 요청
2024-06-10 16:09:43 [Winston 로그] info: donutchart router 시작
2024-06-10 16:09:43 [Winston 로그] info: User ID: user1 이번주 정보 DB 조회
2024-06-10 16:09:43 [Winston 로그] info: User ID: user1, 도넛차트 정보 DB 조회
2024-06-10 16:09:43 [Winston 로그] info: donutchart 성공
2024-06-10 16:09:43 [Winston 로그] info: sametime router 요청
2024-06-10 16:09:43 [Winston 로그] info: sametime router 시작
2024-06-10 16:09:43 [Winston 로그] info: User ID: user1 동시간대 정보 DB 조회
2024-06-10 16:09:43 [Winston 로그] info: thisweek 성공
2024-06-10 16:09:43 [Winston 로그] info: lastweek router 요청
2024-06-10 16:09:43 [Winston 로그] info: lastweek router 시작
2024-06-10 16:09:43 [Winston 로그] info: User ID: user1 지난주 정보 DB 조회
2024-06-10 16:09:44 [Winston 로그] info: lastweek 성공
2024-06-10 16:09:44 [Winston 로그] info: sametime 성공
2024-06-10 16:09:44 [Winston 로그] info: bytime router 요청
2024-06-10 16:09:44 [Winston 로그] info: bytime router 시작
2024-06-10 16:09:44 [Winston 로그] info: User ID: user1 시간별 정보 DB 조회
2024-06-10 16:09:44 [Winston 로그] info: bytime 성공
2024-06-10 16:09:44 [Winston 로그] info: weekavg router 요청
2024-06-10 16:09:44 [Winston 로그] info: weekavg router 시작
2024-06-10 16:09:44 [Winston 로그] info: User ID: user1 이번주, 지난주 평균 DB 조회
2024-06-10 16:09:44 [Winston 로그] info: weekavg 성공
2024-06-10 16:09:45 [Winston 로그] info: visitor router 요청
2024-06-10 16:09:45 [Winston 로그] info: visitor router 시작
2024-06-10 16:09:45 [Winston 로그] info: crowded router 요청
2024-06-10 16:09:45 [Winston 로그] info: crowded router 시작
2024-06-10 16:09:45 [Winston 로그] info: bywork router 요청
2024-06-10 16:09:45 [Winston 로그] info: bywork router 시작
2024-06-10 16:09:45 [Winston 로그] info: bygender router 요청
2024-06-10 16:09:45 [Winston 로그] info: bygender router 시작
2024-06-10 16:09:45 [Winston 로그] info: User ID: user1, Exhibition ID: exhb1 평균 방문객 정보 DB 조회
2024-06-10 16:09:45 [Winston 로그] info: User ID: user1, Exhibition ID: exhb1 구역별 정보 DB 조회
2024-06-10 16:09:45 [Winston 로그] info: User ID: user1, Exhibition ID: exhb1 혼잡도 정보 DB 조회
2024-06-10 16:09:45 [Winston 로그] info: User ID: user1, Exhibition ID: exhb1 성별 정보 DB 조회
2024-06-10 16:09:45 [Winston 로그] info: bygender 성공
2024-06-10 16:09:45 [Winston 로그] info: byage router 요청
2024-06-10 16:09:45 [Winston 로그] info: byage router 시작
2024-06-10 16:09:45 [Winston 로그] info: User ID: user1, Exhibition ID: exhb1 연령별 정보 DB 조회
2024-06-10 16:09:45 [Winston 로그] info: byage 성공
2024-06-10 16:09:45 [Winston 로그] info: crowded 성공
2024-06-10 16:09:45 [Winston 로그] info: visitor 성공
2024-06-10 16:09:45 [Winston 로그] info: bywork 성공
2024-06-10 16:09:47 [Winston 로그] info: visitor router 요청
2024-06-10 16:09:47 [Winston 로그] info: visitor router 시작
