2024-06-17 09:07:50 [Winston 로그] info: login router 요청
2024-06-17 09:07:50 [Winston 로그] info: login router 시작
2024-06-17 09:07:50 [Winston 로그] info: 로그인에 성공했습니다.
2024-06-17 09:07:50 [Winston 로그] info: thisweek router 요청
2024-06-17 09:07:50 [Winston 로그] info: thisweek router 시작
2024-06-17 09:07:50 [Winston 로그] info: donutchart router 요청
2024-06-17 09:07:50 [Winston 로그] info: donutchart router 시작
2024-06-17 09:07:50 [Winston 로그] info: User ID: user1 이번주 정보 DB 조회
2024-06-17 09:07:50 [Winston 로그] info: thisweek 성공
2024-06-17 09:07:50 [Winston 로그] info: lastweek router 요청
2024-06-17 09:07:50 [Winston 로그] info: lastweek router 시작
2024-06-17 09:07:50 [Winston 로그] info: User ID: user1, 도넛차트 정보 DB 조회
2024-06-17 09:07:50 [Winston 로그] info: User ID: user1 지난주 정보 DB 조회
2024-06-17 09:07:50 [Winston 로그] info: donutchart 데이터 없음 또는 길이가 0입니다
2024-06-17 09:07:50 [Winston 로그] info: sametime router 요청
2024-06-17 09:07:50 [Winston 로그] info: sametime router 시작
2024-06-17 09:07:50 [Winston 로그] info: lastweek 성공
2024-06-17 09:07:50 [Winston 로그] info: User ID: user1 동시간대 정보 DB 조회
2024-06-17 09:07:50 [Winston 로그] info: sametime 성공
2024-06-17 09:07:50 [Winston 로그] info: bytime router 요청
2024-06-17 09:07:50 [Winston 로그] info: bytime router 시작
2024-06-17 09:07:50 [Winston 로그] info: User ID: user1 시간별 정보 DB 조회
2024-06-17 09:07:50 [Winston 로그] info: bytime 데이터 없음 또는 길이가 0입니다
2024-06-17 09:07:50 [Winston 로그] info: weekavg router 요청
2024-06-17 09:07:50 [Winston 로그] info: weekavg router 시작
2024-06-17 09:07:50 [Winston 로그] info: User ID: user1 이번주, 지난주 평균 DB 조회
2024-06-17 09:07:50 [Winston 로그] info: weekavg 성공
2024-06-17 09:08:09 [Winston 로그] info: getExhb router 요청
2024-06-17 09:08:09 [Winston 로그] info: getExhb router 시작
2024-06-17 09:08:09 [Winston 로그] info: User ID: user1 사용자 전시관 정보 DB 조회
2024-06-17 09:08:09 [Winston 로그] info: getexhb 성공
2024-06-17 09:08:09 [Winston 로그] info: heatmap router 요청
2024-06-17 09:08:09 [Winston 로그] info: heatmap router 시작
2024-06-17 09:08:09 [Winston 로그] info: User ID: user1, Exhibition ID: exhb1 히트맵 정보 DB 조회
2024-06-17 09:08:09 [Winston 로그] info: heatmap 데이터 없음 또는 길이가 0입니다
2024-06-17 09:08:10 [Winston 로그] info: visitor router 요청
2024-06-17 09:08:10 [Winston 로그] info: visitor router 시작
2024-06-17 09:08:10 [Winston 로그] info: crowded router 요청
2024-06-17 09:08:10 [Winston 로그] info: crowded router 시작
2024-06-17 09:08:10 [Winston 로그] info: bywork router 요청
2024-06-17 09:08:10 [Winston 로그] info: bywork router 시작
2024-06-17 09:08:10 [Winston 로그] info: bygender router 요청
2024-06-17 09:08:10 [Winston 로그] info: bygender router 시작
2024-06-17 09:08:10 [Winston 로그] info: User ID: user1, Exhibition ID: exhb1 평균 방문객 정보 DB 조회
2024-06-17 09:08:10 [Winston 로그] info: User ID: user1, Exhibition ID: exhb1 혼잡도 정보 DB 조회
2024-06-17 09:08:10 [Winston 로그] info: 현재 data
2024-06-17 09:08:10 [Winston 로그] info: crowded 데이터 없음 또는 길이가 0입니다
2024-06-17 09:08:10 [Winston 로그] info: User ID: user1, Exhibition ID: exhb1 구역별 정보 DB 조회
2024-06-17 09:08:10 [Winston 로그] info: User ID: user1, Exhibition ID: exhb1 성별 정보 DB 조회
2024-06-17 09:08:10 [Winston 로그] info: visitor 데이터 없음 또는 길이가 0입니다
2024-06-17 09:08:10 [Winston 로그] info: bygender 성공
2024-06-17 09:08:10 [Winston 로그] info: byage router 요청
2024-06-17 09:08:10 [Winston 로그] info: byage router 시작
2024-06-17 09:08:10 [Winston 로그] info: bywork 데이터 없음 또는 길이가 0입니다
2024-06-17 09:08:10 [Winston 로그] info: User ID: user1, Exhibition ID: exhb1 연령별 정보 DB 조회
2024-06-17 09:08:10 [Winston 로그] info: byage 성공
2024-06-17 09:08:14 [Winston 로그] info: bygender router 요청
2024-06-17 09:08:14 [Winston 로그] info: bygender router 시작
2024-06-17 09:08:14 [Winston 로그] info: byage router 요청
2024-06-17 09:08:14 [Winston 로그] info: byage router 시작
2024-06-17 09:08:14 [Winston 로그] info: User ID: user1, Exhibition ID: exhb1 연령별 정보 DB 조회
2024-06-17 09:08:14 [Winston 로그] info: User ID: user1, Exhibition ID: exhb1 성별 정보 DB 조회
2024-06-17 09:08:14 [Winston 로그] info: byage 성공
2024-06-17 09:08:14 [Winston 로그] info: bygender 성공
2024-06-17 09:08:31 [Winston 로그] info: getExhb router 요청
2024-06-17 09:08:31 [Winston 로그] info: getExhb router 시작
2024-06-17 09:08:31 [Winston 로그] info: User ID: user1 사용자 전시관 정보 DB 조회
2024-06-17 09:08:31 [Winston 로그] info: getexhb 성공
2024-06-17 09:08:31 [Winston 로그] info: heatmap router 요청
2024-06-17 09:08:31 [Winston 로그] info: heatmap router 시작
2024-06-17 09:08:31 [Winston 로그] info: User ID: user1, Exhibition ID: exhb1 히트맵 정보 DB 조회
2024-06-17 09:08:31 [Winston 로그] info: heatmap 데이터 없음 또는 길이가 0입니다
2024-06-17 09:08:32 [Winston 로그] info: bygender router 요청
2024-06-17 09:08:32 [Winston 로그] info: bygender router 시작
2024-06-17 09:08:32 [Winston 로그] info: byage router 요청
2024-06-17 09:08:32 [Winston 로그] info: byage router 시작
2024-06-17 09:08:32 [Winston 로그] info: User ID: user1, Exhibition ID: exhb1 성별 정보 DB 조회
2024-06-17 09:08:32 [Winston 로그] info: User ID: user1, Exhibition ID: exhb1 연령별 정보 DB 조회
2024-06-17 09:08:32 [Winston 로그] info: bygender 성공
2024-06-17 09:08:32 [Winston 로그] info: byage 성공
2024-06-17 09:08:33 [Winston 로그] info: visitor router 요청
2024-06-17 09:08:33 [Winston 로그] info: visitor router 시작
2024-06-17 09:08:33 [Winston 로그] info: crowded router 요청
2024-06-17 09:08:33 [Winston 로그] info: crowded router 시작
2024-06-17 09:08:33 [Winston 로그] info: bywork router 요청
2024-06-17 09:08:33 [Winston 로그] info: bywork router 시작
2024-06-17 09:08:33 [Winston 로그] info: bygender router 요청
2024-06-17 09:08:33 [Winston 로그] info: bygender router 시작
2024-06-17 09:08:33 [Winston 로그] info: User ID: user1, Exhibition ID: exhb1 평균 방문객 정보 DB 조회
2024-06-17 09:08:33 [Winston 로그] info: User ID: user1, Exhibition ID: exhb1 구역별 정보 DB 조회
2024-06-17 09:08:33 [Winston 로그] info: User ID: user1, Exhibition ID: exhb1 혼잡도 정보 DB 조회
2024-06-17 09:08:33 [Winston 로그] info: User ID: user1, Exhibition ID: exhb1 성별 정보 DB 조회
2024-06-17 09:08:33 [Winston 로그] info: 현재 data
2024-06-17 09:08:33 [Winston 로그] info: crowded 데이터 없음 또는 길이가 0입니다
2024-06-17 09:08:33 [Winston 로그] info: bygender 성공
2024-06-17 09:08:33 [Winston 로그] info: byage router 요청
2024-06-17 09:08:33 [Winston 로그] info: byage router 시작
2024-06-17 09:08:33 [Winston 로그] info: User ID: user1, Exhibition ID: exhb1 연령별 정보 DB 조회
2024-06-17 09:08:33 [Winston 로그] info: bywork 데이터 없음 또는 길이가 0입니다
2024-06-17 09:08:33 [Winston 로그] info: visitor 데이터 없음 또는 길이가 0입니다
2024-06-17 09:08:33 [Winston 로그] info: byage 성공
2024-06-17 09:08:34 [Winston 로그] info: thisweek router 요청
2024-06-17 09:08:34 [Winston 로그] info: thisweek router 시작
2024-06-17 09:08:34 [Winston 로그] info: donutchart router 요청
2024-06-17 09:08:34 [Winston 로그] info: donutchart router 시작
2024-06-17 09:08:34 [Winston 로그] info: User ID: user1 이번주 정보 DB 조회
2024-06-17 09:08:34 [Winston 로그] info: User ID: user1, 도넛차트 정보 DB 조회
2024-06-17 09:08:34 [Winston 로그] info: donutchart 데이터 없음 또는 길이가 0입니다
2024-06-17 09:08:34 [Winston 로그] info: sametime router 요청
2024-06-17 09:08:34 [Winston 로그] info: sametime router 시작
2024-06-17 09:08:34 [Winston 로그] info: thisweek 성공
2024-06-17 09:08:34 [Winston 로그] info: lastweek router 요청
2024-06-17 09:08:34 [Winston 로그] info: lastweek router 시작
2024-06-17 09:08:34 [Winston 로그] info: User ID: user1 동시간대 정보 DB 조회
2024-06-17 09:08:34 [Winston 로그] info: User ID: user1 지난주 정보 DB 조회
2024-06-17 09:08:34 [Winston 로그] info: lastweek 성공
2024-06-17 09:08:34 [Winston 로그] info: sametime 성공
2024-06-17 09:08:34 [Winston 로그] info: bytime router 요청
2024-06-17 09:08:34 [Winston 로그] info: bytime router 시작
2024-06-17 09:08:34 [Winston 로그] info: User ID: user1 시간별 정보 DB 조회
2024-06-17 09:08:34 [Winston 로그] info: bytime 데이터 없음 또는 길이가 0입니다
2024-06-17 09:08:34 [Winston 로그] info: weekavg router 요청
2024-06-17 09:08:34 [Winston 로그] info: weekavg router 시작
2024-06-17 09:08:34 [Winston 로그] info: User ID: user1 이번주, 지난주 평균 DB 조회
2024-06-17 09:08:34 [Winston 로그] info: weekavg 성공
2024-06-17 09:08:35 [Winston 로그] info: visitor router 요청
2024-06-17 09:08:35 [Winston 로그] info: visitor router 시작
2024-06-17 09:08:35 [Winston 로그] info: crowded router 요청
2024-06-17 09:08:35 [Winston 로그] info: crowded router 시작
2024-06-17 09:08:35 [Winston 로그] info: bywork router 요청
2024-06-17 09:08:35 [Winston 로그] info: bywork router 시작
2024-06-17 09:08:35 [Winston 로그] info: bygender router 요청
2024-06-17 09:08:35 [Winston 로그] info: bygender router 시작
2024-06-17 09:08:35 [Winston 로그] info: User ID: user1, Exhibition ID: exhb1 평균 방문객 정보 DB 조회
2024-06-17 09:08:35 [Winston 로그] info: User ID: user1, Exhibition ID: exhb1 혼잡도 정보 DB 조회
2024-06-17 09:08:35 [Winston 로그] info: User ID: user1, Exhibition ID: exhb1 구역별 정보 DB 조회
2024-06-17 09:08:35 [Winston 로그] info: User ID: user1, Exhibition ID: exhb1 성별 정보 DB 조회
2024-06-17 09:08:35 [Winston 로그] info: 현재 data
2024-06-17 09:08:35 [Winston 로그] info: crowded 데이터 없음 또는 길이가 0입니다
2024-06-17 09:08:35 [Winston 로그] info: bygender 성공
2024-06-17 09:08:35 [Winston 로그] info: byage router 요청
2024-06-17 09:08:35 [Winston 로그] info: byage router 시작
2024-06-17 09:08:35 [Winston 로그] info: User ID: user1, Exhibition ID: exhb1 연령별 정보 DB 조회
2024-06-17 09:08:35 [Winston 로그] info: visitor 데이터 없음 또는 길이가 0입니다
2024-06-17 09:08:35 [Winston 로그] info: bywork 데이터 없음 또는 길이가 0입니다
2024-06-17 09:08:35 [Winston 로그] info: byage 성공
2024-06-17 09:08:40 [Winston 로그] info: thisweek router 요청
2024-06-17 09:08:40 [Winston 로그] info: thisweek router 시작
2024-06-17 09:08:40 [Winston 로그] info: donutchart router 요청
2024-06-17 09:08:40 [Winston 로그] info: donutchart router 시작
2024-06-17 09:08:40 [Winston 로그] info: User ID: user1 이번주 정보 DB 조회
2024-06-17 09:08:40 [Winston 로그] info: User ID: user1, 도넛차트 정보 DB 조회
2024-06-17 09:08:40 [Winston 로그] info: donutchart 데이터 없음 또는 길이가 0입니다
2024-06-17 09:08:40 [Winston 로그] info: sametime router 요청
2024-06-17 09:08:40 [Winston 로그] info: sametime router 시작
2024-06-17 09:08:40 [Winston 로그] info: User ID: user1 동시간대 정보 DB 조회
2024-06-17 09:08:40 [Winston 로그] info: thisweek 성공
2024-06-17 09:08:40 [Winston 로그] info: lastweek router 요청
2024-06-17 09:08:40 [Winston 로그] info: lastweek router 시작
2024-06-17 09:08:40 [Winston 로그] info: User ID: user1 지난주 정보 DB 조회
2024-06-17 09:08:40 [Winston 로그] info: sametime 성공
2024-06-17 09:08:40 [Winston 로그] info: bytime router 요청
2024-06-17 09:08:40 [Winston 로그] info: bytime router 시작
2024-06-17 09:08:40 [Winston 로그] info: User ID: user1 시간별 정보 DB 조회
2024-06-17 09:08:40 [Winston 로그] info: lastweek 성공
2024-06-17 09:08:40 [Winston 로그] info: bytime 데이터 없음 또는 길이가 0입니다
2024-06-17 09:08:40 [Winston 로그] info: weekavg router 요청
2024-06-17 09:08:40 [Winston 로그] info: weekavg router 시작
2024-06-17 09:08:40 [Winston 로그] info: User ID: user1 이번주, 지난주 평균 DB 조회
2024-06-17 09:08:40 [Winston 로그] info: weekavg 성공
2024-06-17 09:08:56 [Winston 로그] info: getExhb router 요청
2024-06-17 09:08:56 [Winston 로그] info: getExhb router 시작
2024-06-17 09:08:56 [Winston 로그] info: User ID: user1 사용자 전시관 정보 DB 조회
2024-06-17 09:08:56 [Winston 로그] info: getexhb 성공
2024-06-17 09:08:56 [Winston 로그] info: heatmap router 요청
2024-06-17 09:08:56 [Winston 로그] info: heatmap router 시작
2024-06-17 09:08:56 [Winston 로그] info: User ID: user1, Exhibition ID: exhb1 히트맵 정보 DB 조회
2024-06-17 09:08:56 [Winston 로그] info: heatmap 데이터 없음 또는 길이가 0입니다
2024-06-17 09:08:57 [Winston 로그] info: thisweek router 요청
2024-06-17 09:08:57 [Winston 로그] info: thisweek router 시작
2024-06-17 09:08:57 [Winston 로그] info: donutchart router 요청
2024-06-17 09:08:57 [Winston 로그] info: donutchart router 시작
2024-06-17 09:08:57 [Winston 로그] info: User ID: user1 이번주 정보 DB 조회
2024-06-17 09:08:57 [Winston 로그] info: User ID: user1, 도넛차트 정보 DB 조회
2024-06-17 09:08:57 [Winston 로그] info: donutchart 데이터 없음 또는 길이가 0입니다
2024-06-17 09:08:57 [Winston 로그] info: sametime router 요청
2024-06-17 09:08:57 [Winston 로그] info: sametime router 시작
2024-06-17 09:08:57 [Winston 로그] info: thisweek 성공
2024-06-17 09:08:57 [Winston 로그] info: lastweek router 요청
2024-06-17 09:08:57 [Winston 로그] info: lastweek router 시작
2024-06-17 09:08:57 [Winston 로그] info: User ID: user1 동시간대 정보 DB 조회
2024-06-17 09:08:57 [Winston 로그] info: User ID: user1 지난주 정보 DB 조회
2024-06-17 09:08:57 [Winston 로그] info: lastweek 성공
2024-06-17 09:08:57 [Winston 로그] info: sametime 성공
2024-06-17 09:08:57 [Winston 로그] info: bytime router 요청
2024-06-17 09:08:57 [Winston 로그] info: bytime router 시작
2024-06-17 09:08:57 [Winston 로그] info: User ID: user1 시간별 정보 DB 조회
2024-06-17 09:08:57 [Winston 로그] info: bytime 데이터 없음 또는 길이가 0입니다
2024-06-17 09:08:57 [Winston 로그] info: weekavg router 요청
2024-06-17 09:08:57 [Winston 로그] info: weekavg router 시작
2024-06-17 09:08:57 [Winston 로그] info: User ID: user1 이번주, 지난주 평균 DB 조회
2024-06-17 09:08:57 [Winston 로그] info: weekavg 성공
2024-06-17 09:08:58 [Winston 로그] info: getExhb router 요청
2024-06-17 09:08:58 [Winston 로그] info: getExhb router 시작
2024-06-17 09:08:58 [Winston 로그] info: User ID: user1 사용자 전시관 정보 DB 조회
2024-06-17 09:08:58 [Winston 로그] info: getexhb 성공
2024-06-17 09:08:58 [Winston 로그] info: heatmap router 요청
2024-06-17 09:08:58 [Winston 로그] info: heatmap router 시작
2024-06-17 09:08:58 [Winston 로그] info: User ID: user1, Exhibition ID: exhb1 히트맵 정보 DB 조회
2024-06-17 09:08:58 [Winston 로그] info: heatmap 데이터 없음 또는 길이가 0입니다
2024-06-17 09:08:59 [Winston 로그] info: visitor router 요청
2024-06-17 09:08:59 [Winston 로그] info: visitor router 시작
2024-06-17 09:08:59 [Winston 로그] info: crowded router 요청
2024-06-17 09:08:59 [Winston 로그] info: crowded router 시작
2024-06-17 09:08:59 [Winston 로그] info: bywork router 요청
2024-06-17 09:08:59 [Winston 로그] info: bywork router 시작
2024-06-17 09:08:59 [Winston 로그] info: bygender router 요청
2024-06-17 09:08:59 [Winston 로그] info: bygender router 시작
2024-06-17 09:08:59 [Winston 로그] info: User ID: user1, Exhibition ID: exhb1 평균 방문객 정보 DB 조회
2024-06-17 09:08:59 [Winston 로그] info: User ID: user1, Exhibition ID: exhb1 구역별 정보 DB 조회
2024-06-17 09:08:59 [Winston 로그] info: User ID: user1, Exhibition ID: exhb1 성별 정보 DB 조회
2024-06-17 09:08:59 [Winston 로그] info: User ID: user1, Exhibition ID: exhb1 혼잡도 정보 DB 조회
2024-06-17 09:08:59 [Winston 로그] info: 현재 data
2024-06-17 09:08:59 [Winston 로그] info: crowded 데이터 없음 또는 길이가 0입니다
2024-06-17 09:08:59 [Winston 로그] info: bygender 성공
2024-06-17 09:08:59 [Winston 로그] info: byage router 요청
2024-06-17 09:08:59 [Winston 로그] info: byage router 시작
2024-06-17 09:08:59 [Winston 로그] info: bywork 데이터 없음 또는 길이가 0입니다
2024-06-17 09:08:59 [Winston 로그] info: visitor 데이터 없음 또는 길이가 0입니다
2024-06-17 09:08:59 [Winston 로그] info: User ID: user1, Exhibition ID: exhb1 연령별 정보 DB 조회
2024-06-17 09:08:59 [Winston 로그] info: byage 성공
2024-06-17 09:09:07 [Winston 로그] info: thisweek router 요청
2024-06-17 09:09:07 [Winston 로그] info: thisweek router 시작
2024-06-17 09:09:07 [Winston 로그] info: donutchart router 요청
2024-06-17 09:09:07 [Winston 로그] info: donutchart router 시작
2024-06-17 09:09:07 [Winston 로그] info: User ID: user1 이번주 정보 DB 조회
2024-06-17 09:09:07 [Winston 로그] info: User ID: user1, 도넛차트 정보 DB 조회
2024-06-17 09:09:07 [Winston 로그] info: donutchart 데이터 없음 또는 길이가 0입니다
2024-06-17 09:09:07 [Winston 로그] info: sametime router 요청
2024-06-17 09:09:07 [Winston 로그] info: sametime router 시작
2024-06-17 09:09:07 [Winston 로그] info: User ID: user1 동시간대 정보 DB 조회
2024-06-17 09:09:07 [Winston 로그] info: thisweek 성공
2024-06-17 09:09:07 [Winston 로그] info: lastweek router 요청
2024-06-17 09:09:07 [Winston 로그] info: lastweek router 시작
2024-06-17 09:09:07 [Winston 로그] info: User ID: user1 지난주 정보 DB 조회
2024-06-17 09:09:07 [Winston 로그] info: sametime 성공
2024-06-17 09:09:07 [Winston 로그] info: bytime router 요청
2024-06-17 09:09:07 [Winston 로그] info: bytime router 시작
2024-06-17 09:09:07 [Winston 로그] info: lastweek 성공
2024-06-17 09:09:07 [Winston 로그] info: User ID: user1 시간별 정보 DB 조회
2024-06-17 09:09:07 [Winston 로그] info: bytime 데이터 없음 또는 길이가 0입니다
2024-06-17 09:09:07 [Winston 로그] info: weekavg router 요청
2024-06-17 09:09:07 [Winston 로그] info: weekavg router 시작
2024-06-17 09:09:07 [Winston 로그] info: User ID: user1 이번주, 지난주 평균 DB 조회
2024-06-17 09:09:07 [Winston 로그] info: weekavg 성공
2024-06-17 09:09:18 [Winston 로그] info: visitor router 요청
2024-06-17 09:09:18 [Winston 로그] info: visitor router 시작
2024-06-17 09:09:18 [Winston 로그] info: crowded router 요청
2024-06-17 09:09:18 [Winston 로그] info: crowded router 시작
2024-06-17 09:09:18 [Winston 로그] info: bywork router 요청
2024-06-17 09:09:18 [Winston 로그] info: bywork router 시작
2024-06-17 09:09:18 [Winston 로그] info: bygender router 요청
2024-06-17 09:09:18 [Winston 로그] info: bygender router 시작
2024-06-17 09:09:18 [Winston 로그] info: User ID: user1, Exhibition ID: exhb1 평균 방문객 정보 DB 조회
2024-06-17 09:09:18 [Winston 로그] info: User ID: user1, Exhibition ID: exhb1 구역별 정보 DB 조회
2024-06-17 09:09:18 [Winston 로그] info: User ID: user1, Exhibition ID: exhb1 혼잡도 정보 DB 조회
2024-06-17 09:09:18 [Winston 로그] info: User ID: user1, Exhibition ID: exhb1 성별 정보 DB 조회
2024-06-17 09:09:18 [Winston 로그] info: 현재 data
2024-06-17 09:09:18 [Winston 로그] info: crowded 데이터 없음 또는 길이가 0입니다
2024-06-17 09:09:18 [Winston 로그] info: bygender 성공
2024-06-17 09:09:18 [Winston 로그] info: byage router 요청
2024-06-17 09:09:18 [Winston 로그] info: byage router 시작
2024-06-17 09:09:18 [Winston 로그] info: visitor 데이터 없음 또는 길이가 0입니다
2024-06-17 09:09:18 [Winston 로그] info: bywork 데이터 없음 또는 길이가 0입니다
2024-06-17 09:09:18 [Winston 로그] info: User ID: user1, Exhibition ID: exhb1 연령별 정보 DB 조회
2024-06-17 09:09:18 [Winston 로그] info: byage 성공
2024-06-17 09:09:20 [Winston 로그] info: bygender router 요청
2024-06-17 09:09:20 [Winston 로그] info: bygender router 시작
2024-06-17 09:09:20 [Winston 로그] info: byage router 요청
2024-06-17 09:09:20 [Winston 로그] info: byage router 시작
2024-06-17 09:09:20 [Winston 로그] info: User ID: user1, Exhibition ID: exhb1 성별 정보 DB 조회
2024-06-17 09:09:20 [Winston 로그] info: User ID: user1, Exhibition ID: exhb1 연령별 정보 DB 조회
2024-06-17 09:09:20 [Winston 로그] info: bygender 성공
2024-06-17 09:09:20 [Winston 로그] info: byage 성공
2024-06-17 09:09:27 [Winston 로그] info: thisweek router 요청
2024-06-17 09:09:27 [Winston 로그] info: thisweek router 시작
2024-06-17 09:09:27 [Winston 로그] info: donutchart router 요청
2024-06-17 09:09:27 [Winston 로그] info: donutchart router 시작
2024-06-17 09:09:27 [Winston 로그] info: User ID: user1 이번주 정보 DB 조회
2024-06-17 09:09:27 [Winston 로그] info: User ID: user1, 도넛차트 정보 DB 조회
2024-06-17 09:09:28 [Winston 로그] info: donutchart 데이터 없음 또는 길이가 0입니다
2024-06-17 09:09:28 [Winston 로그] info: sametime router 요청
2024-06-17 09:09:28 [Winston 로그] info: sametime router 시작
2024-06-17 09:09:28 [Winston 로그] info: thisweek 성공
2024-06-17 09:09:28 [Winston 로그] info: User ID: user1 동시간대 정보 DB 조회
2024-06-17 09:09:28 [Winston 로그] info: lastweek router 요청
2024-06-17 09:09:28 [Winston 로그] info: lastweek router 시작
2024-06-17 09:09:28 [Winston 로그] info: User ID: user1 지난주 정보 DB 조회
2024-06-17 09:09:28 [Winston 로그] info: lastweek 성공
2024-06-17 09:09:28 [Winston 로그] info: sametime 성공
2024-06-17 09:09:28 [Winston 로그] info: bytime router 요청
2024-06-17 09:09:28 [Winston 로그] info: bytime router 시작
2024-06-17 09:09:28 [Winston 로그] info: User ID: user1 시간별 정보 DB 조회
2024-06-17 09:09:28 [Winston 로그] info: bytime 데이터 없음 또는 길이가 0입니다
2024-06-17 09:09:28 [Winston 로그] info: weekavg router 요청
2024-06-17 09:09:28 [Winston 로그] info: weekavg router 시작
2024-06-17 09:09:28 [Winston 로그] info: User ID: user1 이번주, 지난주 평균 DB 조회
2024-06-17 09:09:28 [Winston 로그] info: weekavg 성공
